c:\users\pengfei\desktop\switch用法\switch用法\x64\release\vc140.pdb
c:\users\pengfei\desktop\switch用法\switch用法\x64\release\main.obj
c:\users\pengfei\desktop\switch用法\switch用法\x64\release\bubble.obj
c:\users\pengfei\desktop\switch用法\switch用法\x64\release\bubble_old.obj
c:\users\pengfei\desktop\switch用法\switch用法\x64\release\oderk.obj
c:\users\pengfei\desktop\switch用法\switch用法\x64\release\triangle.obj
c:\users\pengfei\desktop\switch用法\switch用法\x64\release\random.obj
c:\users\pengfei\desktop\switch用法\switch用法\x64\release\paint.obj
c:\users\pengfei\desktop\switch用法\switch用法\x64\release\io.obj
c:\users\pengfei\desktop\switch用法\x64\release\switch用法.exe
c:\users\pengfei\desktop\switch用法\x64\release\switch用法.ipdb
c:\users\pengfei\desktop\switch用法\x64\release\switch用法.iobj
c:\users\pengfei\desktop\switch用法\x64\release\switch用法.pdb
c:\users\pengfei\desktop\switch用法\switch用法\x64\release\delaunay.obj
c:\users\pengfei\desktop\switch用法\switch用法\x64\release\old_delaunay.obj
c:\users\pengfei\desktop\switch用法\switch用法\x64\release\switch.obj
c:\users\pengfei\desktop\switch用法\switch用法\x64\release\switch用法.tlog\cl.command.1.tlog
c:\users\pengfei\desktop\switch用法\switch用法\x64\release\switch用法.tlog\cl.read.1.tlog
c:\users\pengfei\desktop\switch用法\switch用法\x64\release\switch用法.tlog\cl.write.1.tlog
c:\users\pengfei\desktop\switch用法\switch用法\x64\release\switch用法.tlog\link.command.1.tlog
c:\users\pengfei\desktop\switch用法\switch用法\x64\release\switch用法.tlog\link.read.1.tlog
c:\users\pengfei\desktop\switch用法\switch用法\x64\release\switch用法.tlog\link.write.1.tlog
