c:\users\pengfei\documents\visual studio 2015\projects\knn\knn\x64\release\vc140.pdb
c:\users\pengfei\documents\visual studio 2015\projects\knn\knn\x64\release\randgenration.obj
c:\users\pengfei\documents\visual studio 2015\projects\knn\knn\x64\release\particles_simulation.obj
c:\users\pengfei\documents\visual studio 2015\projects\knn\knn\x64\release\io.obj
c:\users\pengfei\documents\visual studio 2015\projects\knn\knn\x64\release\cuda_test.obj
c:\users\pengfei\documents\visual studio 2015\projects\knn\knn\x64\release\right.obj
c:\users\pengfei\documents\visual studio 2015\projects\knn\knn\x64\release\interpolate.obj
c:\users\pengfei\documents\visual studio 2015\projects\knn\knn\x64\release\io(1).obj
c:\users\pengfei\documents\visual studio 2015\projects\knn\knn\x64\release\bubble.obj
c:\users\pengfei\documents\visual studio 2015\projects\knn\x64\release\knn.exe
c:\users\pengfei\documents\visual studio 2015\projects\knn\x64\release\knn.ipdb
c:\users\pengfei\documents\visual studio 2015\projects\knn\x64\release\knn.iobj
c:\users\pengfei\documents\visual studio 2015\projects\knn\x64\release\knn.pdb
c:\users\pengfei\documents\visual studio 2015\projects\knn\knn\x64\release\cuda_knn.cu.cache
c:\users\pengfei\documents\visual studio 2015\projects\knn\knn\x64\release\cuda_knn.cu.obj
c:\users\pengfei\documents\visual studio 2015\projects\knn\knn\x64\release\knn.tlog\cl.command.1.tlog
c:\users\pengfei\documents\visual studio 2015\projects\knn\knn\x64\release\knn.tlog\cl.read.1.tlog
c:\users\pengfei\documents\visual studio 2015\projects\knn\knn\x64\release\knn.tlog\cl.write.1.tlog
c:\users\pengfei\documents\visual studio 2015\projects\knn\knn\x64\release\knn.tlog\link.command.1.tlog
c:\users\pengfei\documents\visual studio 2015\projects\knn\knn\x64\release\knn.tlog\link.read.1.tlog
c:\users\pengfei\documents\visual studio 2015\projects\knn\knn\x64\release\knn.tlog\link.write.1.tlog
