  bubble.cpp
bubble.cpp(83): warning C4244: “=”: 从“double”转换到“float”，可能丢失数据
bubble.cpp(84): warning C4244: “=”: 从“double”转换到“float”，可能丢失数据
bubble.cpp(85): warning C4244: “=”: 从“double”转换到“float”，可能丢失数据
bubble.cpp(86): warning C4244: “=”: 从“double”转换到“float”，可能丢失数据
bubble.cpp(106): warning C4305: “初始化”: 从“double”到“float”截断
bubble.cpp(109): warning C4244: “=”: 从“double”转换到“float”，可能丢失数据
bubble.cpp(110): warning C4244: “=”: 从“double”转换到“float”，可能丢失数据
bubble.cpp(114): warning C4244: “=”: 从“double”转换到“float”，可能丢失数据
bubble.cpp(115): warning C4244: “=”: 从“double”转换到“float”，可能丢失数据
bubble.cpp(235): warning C4244: “=”: 从“double”转换到“float”，可能丢失数据
bubble.cpp(236): warning C4244: “=”: 从“double”转换到“float”，可能丢失数据
bubble.cpp(252): warning C4244: “=”: 从“double”转换到“float”，可能丢失数据
bubble.cpp(253): warning C4244: “=”: 从“double”转换到“float”，可能丢失数据
bubble.cpp(299): warning C4244: “=”: 从“double”转换到“float”，可能丢失数据
bubble.cpp(300): warning C4244: “=”: 从“double”转换到“float”，可能丢失数据
  interpolate.cpp
interpolate.cpp(16): warning C4244: “=”: 从“double”转换到“int”，可能丢失数据
interpolate.cpp(17): warning C4244: “=”: 从“double”转换到“int”，可能丢失数据
interpolate.cpp(24): warning C4244: “=”: 从“double”转换到“int”，可能丢失数据
interpolate.cpp(25): warning C4244: “=”: 从“double”转换到“int”，可能丢失数据
interpolate.cpp(75): warning C4244: “return”: 从“double”转换到“float”，可能丢失数据
  IO.cpp
  main.cpp
  oderk.cpp
  paint.cpp
  random.cpp
  triangle.cpp
  正在生成代码
  118 of 121 functions (97.5%) were compiled, the rest were copied from previous compilation.
    0 functions were new in current compilation
    0 functions had inline decision re-evaluated but remain unchanged
  已完成代码的生成
cuda_knn.cu.obj : warning LNK4099: 未找到 PDB“vc140.pdb”(使用“cuda_knn.cu.obj”或在“C:\Users\pengfei\Desktop\bbmesh\KNN\x64\Release\vc140.pdb”中寻找)；正在链接对象，如同没有调试信息一样
  KNN.vcxproj -> C:\Users\pengfei\Desktop\bbmesh\KNN\x64\Release\KNN.exe
  KNN.vcxproj -> C:\Users\pengfei\Desktop\bbmesh\KNN\x64\Release\KNN.pdb (Full PDB)
  copy "C:\Program Files\NVIDIA GPU Computing Toolkit\CUDA\v9.1\bin\cudart*.dll" "C:\Users\pengfei\Desktop\bbmesh\KNN\x64\Release\"
  C:\Program Files\NVIDIA GPU Computing Toolkit\CUDA\v9.1\bin\cudart32_91.dll
  C:\Program Files\NVIDIA GPU Computing Toolkit\CUDA\v9.1\bin\cudart64_91.dll
  已复制         2 个文件。
